[14:07:15] [Server thread/INFO]: Starting minecraft server version 1.8.9
[14:07:15] [Server thread/INFO]: Loading properties
[14:07:15] [Server thread/INFO]: Default game type: SURVIVAL
[14:07:15] [Server thread/INFO]: Generating keypair
[14:07:15] [Server thread/INFO]: Starting Minecraft server on *:25565
[14:07:15] [Server thread/INFO]: Using default channel type
[14:07:16] [Server thread/WARN]: Failed to load user banlist: 
java.io.FileNotFoundException: banned-players.json (The system cannot find the file specified)
	at java.io.FileInputStream.open0(Native Method) ~[?:1.8.0_171]
	at java.io.FileInputStream.open(Unknown Source) ~[?:1.8.0_171]
	at java.io.FileInputStream.<init>(Unknown Source) ~[?:1.8.0_171]
	at com.google.common.io.Files.newReader(Files.java:86) ~[server.jar:?]
	at mb.g(SourceFile:124) ~[server.jar:?]
	at kn.z(SourceFile:99) [server.jar:?]
	at kn.<init>(SourceFile:25) [server.jar:?]
	at ko.i(SourceFile:172) [server.jar:?]
	at net.minecraft.server.MinecraftServer.run(SourceFile:421) [server.jar:?]
	at java.lang.Thread.run(Unknown Source) [?:1.8.0_171]
[14:07:16] [Server thread/WARN]: Failed to load ip banlist: 
java.io.FileNotFoundException: banned-ips.json (The system cannot find the file specified)
	at java.io.FileInputStream.open0(Native Method) ~[?:1.8.0_171]
	at java.io.FileInputStream.open(Unknown Source) ~[?:1.8.0_171]
	at java.io.FileInputStream.<init>(Unknown Source) ~[?:1.8.0_171]
	at com.google.common.io.Files.newReader(Files.java:86) ~[server.jar:?]
	at mb.g(SourceFile:124) ~[server.jar:?]
	at kn.y(SourceFile:91) [server.jar:?]
	at kn.<init>(SourceFile:27) [server.jar:?]
	at ko.i(SourceFile:172) [server.jar:?]
	at net.minecraft.server.MinecraftServer.run(SourceFile:421) [server.jar:?]
	at java.lang.Thread.run(Unknown Source) [?:1.8.0_171]
[14:07:16] [Server thread/WARN]: Failed to load operators list: 
java.io.FileNotFoundException: ops.json (The system cannot find the file specified)
	at java.io.FileInputStream.open0(Native Method) ~[?:1.8.0_171]
	at java.io.FileInputStream.open(Unknown Source) ~[?:1.8.0_171]
	at java.io.FileInputStream.<init>(Unknown Source) ~[?:1.8.0_171]
	at com.google.common.io.Files.newReader(Files.java:86) ~[server.jar:?]
	at mb.g(SourceFile:124) ~[server.jar:?]
	at kn.A(SourceFile:107) [server.jar:?]
	at kn.<init>(SourceFile:29) [server.jar:?]
	at ko.i(SourceFile:172) [server.jar:?]
	at net.minecraft.server.MinecraftServer.run(SourceFile:421) [server.jar:?]
	at java.lang.Thread.run(Unknown Source) [?:1.8.0_171]
[14:07:16] [Server thread/WARN]: Failed to load white-list: 
java.io.FileNotFoundException: whitelist.json (The system cannot find the file specified)
	at java.io.FileInputStream.open0(Native Method) ~[?:1.8.0_171]
	at java.io.FileInputStream.open(Unknown Source) ~[?:1.8.0_171]
	at java.io.FileInputStream.<init>(Unknown Source) ~[?:1.8.0_171]
	at com.google.common.io.Files.newReader(Files.java:86) ~[server.jar:?]
	at mb.g(SourceFile:124) ~[server.jar:?]
	at kn.C(SourceFile:123) [server.jar:?]
	at kn.<init>(SourceFile:30) [server.jar:?]
	at ko.i(SourceFile:172) [server.jar:?]
	at net.minecraft.server.MinecraftServer.run(SourceFile:421) [server.jar:?]
	at java.lang.Thread.run(Unknown Source) [?:1.8.0_171]
[14:07:16] [Server thread/INFO]: Preparing level "world"
[14:07:16] [Server thread/INFO]: Preparing start region for level 0
[14:07:17] [Server thread/INFO]: Preparing spawn area: 7%
[14:07:18] [Server thread/INFO]: Preparing spawn area: 21%
[14:07:19] [Server thread/INFO]: Preparing spawn area: 39%
[14:07:21] [Server thread/INFO]: Preparing spawn area: 58%
[14:07:22] [Server thread/INFO]: Preparing spawn area: 82%
[14:07:22] [Server thread/INFO]: Done (6.698s)! For help, type "help" or "?"
[14:12:58] [Server thread/INFO]: Stopping server
[14:12:58] [Server thread/INFO]: Saving players
[14:12:58] [Server thread/INFO]: Saving worlds
[14:12:58] [Server thread/INFO]: Saving chunks for level 'world'/Overworld
[14:12:58] [Server thread/INFO]: Saving chunks for level 'world'/Nether
[14:12:58] [Server thread/INFO]: Saving chunks for level 'world'/The End
[14:12:58] [Server Shutdown Thread/INFO]: Stopping server
